0 silly input []
1 silly flags { _: [ 'bootstrap' ],
1 silly flags   'reject-cycles': false,
1 silly flags   rejectCycles: false,
1 silly flags   args: [] }
2 verbose rootPath /Users/nswq5446/code/github/monopack
3 info version 2.9.0
4 silly existsSync /Users/nswq5446/code/github/monopack/VERSION
5 silly initialize attempt
6 silly npmConfig { registry: undefined,
6 silly npmConfig   npmClient: 'yarn',
6 silly npmConfig   npmClientArgs: undefined,
6 silly npmConfig   mutex: 'network:42424' }
7 silly initialize success
8 silly execute attempt
9 info Bootstrapping 2 packages
10 silly installInDirOriginalPackageJson /Users/nswq5446/code/github/monopack
11 silly getExecOpts { cwd: '/Users/nswq5446/code/github/monopack' }
12 silly installInDir [ 'yarn',
12 silly installInDir   [ 'install', '--mutex', 'network:42424', '--non-interactive' ] ]
13 error execute callback with error
14 error Error: Command failed: yarn install --mutex network:42424 --non-interactive
14 error /Users/nswq5446/code/github/monopack/scripts/build.js:100
14 error     options.plugins = options.plugins.slice();
14 error                                       ^
14 error
14 error TypeError: Cannot read property 'slice' of undefined
14 error     at buildFile (/Users/nswq5446/code/github/monopack/scripts/build.js:100:39)
14 error     at files.forEach.file (/Users/nswq5446/code/github/monopack/scripts/build.js:72:25)
14 error     at Array.forEach (<anonymous>)
14 error     at buildNodePackage (/Users/nswq5446/code/github/monopack/scripts/build.js:72:9)
14 error     at Array.forEach (<anonymous>)
14 error     at Object.<anonymous> (/Users/nswq5446/code/github/monopack/scripts/build.js:139:12)
14 error     at Module._compile (module.js:643:30)
14 error     at Object.Module._extensions..js (module.js:654:10)
14 error     at Module.load (module.js:556:32)
14 error     at tryModuleLoad (module.js:499:12)
14 error error An unexpected error occurred: "Command failed.\nExit code: 1\nCommand: sh\nArguments: -c node scripts/build.js\nDirectory: /Users/nswq5446/code/github/monopack\nOutput:\n".
14 error error An unexpected error occurred: "Command failed.\nExit code: 1\nCommand: sh\nArguments: -c yarn build\nDirectory: /Users/nswq5446/code/github/monopack\nOutput:\n".
14 error [1/4] Resolving packages...
14 error success Already up-to-date.
14 error $ yarn build
14 error $ node scripts/build.js
14 error  Building packages
14 error monopack..................................................................info If you think this is a bug, please open a bug report with the information provided in "/Users/nswq5446/code/github/monopack/yarn-error.log".
14 error info Visit https://yarnpkg.com/en/docs/cli/run for documentation about this command.
14 error info If you think this is a bug, please open a bug report with the information provided in "/Users/nswq5446/code/github/monopack/yarn-error.log".
14 error info Visit https://yarnpkg.com/en/docs/cli/install for documentation about this command.
14 error
14 error     at Promise.all.then.arr (/Users/nswq5446/code/github/monopack/node_modules/execa/index.js:236:11)
14 error     at <anonymous>
